<?xml version="1.0" encoding="UTF-8"?>
<!-- Generated by org.testng.reporters.JUnitXMLReporter -->
<testsuite hostname="HP-Nghtmr-W7" ignored="0" name="ProductoWebDriverTest" tests="3" failures="1" timestamp="13 jun 2017 19:30:46 GMT" time="38.303" errors="0">
  <testcase name="insertarProducto" time="11.32" classname="com.upc.edu.test.seleniumwd.ProductoWebDriverTest"/>
  <testcase name="insertarProducto" time="9.18" classname="com.upc.edu.test.seleniumwd.ProductoWebDriverTest"/>
  <testcase name="insertarProducto" time="9.441" classname="com.upc.edu.test.seleniumwd.ProductoWebDriverTest">
    <failure type="java.lang.AssertionError" message="null">
      <![CDATA[java.lang.AssertionError: null
	at com.upc.edu.test.seleniumwd.ProductoWebDriverTest.insertarProducto(ProductoWebDriverTest.java:53)
... Removed 27 stack frames]]>
    </failure>
  </testcase> <!-- insertarProducto -->
</testsuite> <!-- ProductoWebDriverTest -->
